[INFO][2018-11-26 21:37:03,566][菜单]用户选择人人对战页面
[INFO][2018-11-26 21:37:19,301][菜单]用户选择人机对战页面
[INFO][2018-11-26 21:37:21,171][人机对战菜单]用户选择电脑水平为初级
[INFO][2018-11-26 21:37:24,006][游戏]开始游戏
[INFO][2018-11-26 21:37:26,724][接收通道]等待对方消息
[INFO][2018-11-26 21:37:26,724][棋盘]白棋落子:9,9
[INFO][2018-11-26 21:37:26,725][棋盘]黑棋落子:15,0
[INFO][2018-11-26 21:37:26,726][接收通道]等待对方消息
[INFO][2018-11-26 21:37:31,924][接收通道]等待对方消息
[INFO][2018-11-26 21:37:31,924][棋盘]白棋落子:10,8
[INFO][2018-11-26 21:37:31,924][棋盘]黑棋落子:14,1
[INFO][2018-11-26 21:37:31,924][接收通道]等待对方消息
[INFO][2018-11-26 21:37:34,124][接收通道]等待对方消息
[INFO][2018-11-26 21:37:34,124][棋盘]白棋落子:13,2
[INFO][2018-11-26 21:37:34,124][棋盘]黑棋落子:10,4
[INFO][2018-11-26 21:37:34,124][接收通道]等待对方消息
[INFO][2018-11-26 21:37:35,700][接收通道]等待对方消息
[INFO][2018-11-26 21:37:35,700][棋盘]白棋落子:11,7
[INFO][2018-11-26 21:37:35,700][棋盘]黑棋落子:18,14
[INFO][2018-11-26 21:37:35,701][接收通道]等待对方消息
[INFO][2018-11-26 21:37:37,996][接收通道]等待对方消息
[INFO][2018-11-26 21:37:37,996][棋盘]白棋落子:12,6
[INFO][2018-11-26 21:37:37,997][棋盘]黑棋落子:1,4
[INFO][2018-11-26 21:37:37,997][接收通道]等待对方消息
[INFO][2018-11-26 21:37:39,372][接收通道]等待对方消息
[INFO][2018-11-26 21:37:39,372][棋盘]白棋落子:13,5
[INFO][2018-11-26 21:37:40,895][棋盘]白棋获胜！初始化棋盘页面
[INFO][2018-11-26 21:37:54,692][游戏]玩家选择返回主菜单
[INFO][2018-11-26 21:37:56,171][菜单]用户选择人机对战页面
[INFO][2018-11-26 21:38:02,163][人机对战菜单]用户选择电脑水平为高级
[INFO][2018-11-26 21:38:04,628][游戏]开始游戏
[INFO][2018-11-26 21:38:05,476][接收通道]等待对方消息
[INFO][2018-11-26 21:38:05,476][棋盘]白棋落子:9,9
[INFO][2018-11-26 21:38:05,477][棋盘]黑棋落子:8,8
[INFO][2018-11-26 21:38:05,477][接收通道]等待对方消息
[INFO][2018-11-26 21:38:07,100][接收通道]等待对方消息
[INFO][2018-11-26 21:38:07,100][棋盘]白棋落子:10,8
[INFO][2018-11-26 21:38:07,101][棋盘]黑棋落子:8,10
[INFO][2018-11-26 21:38:07,101][接收通道]等待对方消息
[INFO][2018-11-26 21:38:12,068][接收通道]等待对方消息
[INFO][2018-11-26 21:38:12,068][棋盘]白棋落子:9,7
[INFO][2018-11-26 21:38:12,069][棋盘]黑棋落子:8,9
[INFO][2018-11-26 21:38:12,069][接收通道]等待对方消息
[INFO][2018-11-26 21:38:14,876][接收通道]等待对方消息
[INFO][2018-11-26 21:38:14,877][棋盘]白棋落子:8,7
[INFO][2018-11-26 21:38:14,877][棋盘]黑棋落子:8,11
[INFO][2018-11-26 21:38:14,877][接收通道]等待对方消息
[INFO][2018-11-26 21:38:16,181][接收通道]等待对方消息
[INFO][2018-11-26 21:38:16,181][棋盘]白棋落子:8,12
[INFO][2018-11-26 21:38:16,182][棋盘]黑棋落子:9,8
[INFO][2018-11-26 21:38:16,182][接收通道]等待对方消息
[INFO][2018-11-26 21:38:18,621][接收通道]等待对方消息
[INFO][2018-11-26 21:38:18,621][棋盘]白棋落子:11,9
[INFO][2018-11-26 21:38:18,622][棋盘]黑棋落子:8,6
[INFO][2018-11-26 21:38:18,622][接收通道]等待对方消息
[INFO][2018-11-26 21:38:24,876][接收通道]等待对方消息
[INFO][2018-11-26 21:38:24,877][棋盘]白棋落子:10,7
[INFO][2018-11-26 21:38:24,877][棋盘]黑棋落子:11,7
[INFO][2018-11-26 21:38:24,877][接收通道]等待对方消息
[INFO][2018-11-26 21:38:29,213][接收通道]等待对方消息
[INFO][2018-11-26 21:38:29,213][棋盘]白棋落子:10,9
[INFO][2018-11-26 21:38:29,214][棋盘]黑棋落子:10,10
[INFO][2018-11-26 21:38:29,214][接收通道]等待对方消息
[INFO][2018-11-26 21:38:36,821][接收通道]等待对方消息
[INFO][2018-11-26 21:38:36,821][棋盘]白棋落子:9,10
[INFO][2018-11-26 21:38:36,821][棋盘]黑棋落子:10,6
[INFO][2018-11-26 21:38:36,821][接收通道]等待对方消息
[INFO][2018-11-26 21:38:43,237][接收通道]等待对方消息
[INFO][2018-11-26 21:38:43,237][棋盘]白棋落子:9,6
[INFO][2018-11-26 21:38:43,237][棋盘]黑棋落子:9,5
[INFO][2018-11-26 21:38:43,237][接收通道]等待对方消息
[INFO][2018-11-26 21:38:44,828][接收通道]等待对方消息
[INFO][2018-11-26 21:38:44,829][棋盘]白棋落子:8,4
[INFO][2018-11-26 21:38:44,829][棋盘]黑棋落子:12,8
[INFO][2018-11-26 21:38:44,829][接收通道]等待对方消息
[INFO][2018-11-26 21:38:46,188][接收通道]等待对方消息
[INFO][2018-11-26 21:38:46,188][棋盘]白棋落子:13,9
[INFO][2018-11-26 21:38:46,189][棋盘]黑棋落子:12,9
[INFO][2018-11-26 21:38:46,189][接收通道]等待对方消息
[INFO][2018-11-26 21:38:55,213][接收通道]等待对方消息
[INFO][2018-11-26 21:38:55,213][棋盘]白棋落子:8,5
[INFO][2018-11-26 21:38:55,213][棋盘]黑棋落子:7,4
[INFO][2018-11-26 21:38:55,213][接收通道]等待对方消息
[INFO][2018-11-26 21:39:01,085][接收通道]等待对方消息
[INFO][2018-11-26 21:39:01,085][棋盘]白棋落子:7,7
[INFO][2018-11-26 21:39:01,085][棋盘]黑棋落子:6,7
[INFO][2018-11-26 21:39:01,085][接收通道]等待对方消息
[INFO][2018-11-26 21:39:18,021][接收通道]等待对方消息
[INFO][2018-11-26 21:39:18,021][棋盘]白棋落子:13,8
[INFO][2018-11-26 21:39:18,022][棋盘]黑棋落子:12,7
[INFO][2018-11-26 21:39:18,022][接收通道]等待对方消息
[INFO][2018-11-26 21:39:19,772][接收通道]等待对方消息
[INFO][2018-11-26 21:39:19,772][棋盘]白棋落子:13,7
[INFO][2018-11-26 21:39:19,773][棋盘]黑棋落子:12,6
[INFO][2018-11-26 21:39:19,773][接收通道]等待对方消息
[INFO][2018-11-26 21:39:21,724][接收通道]等待对方消息
[INFO][2018-11-26 21:39:21,725][棋盘]白棋落子:12,5
[INFO][2018-11-26 21:39:21,725][棋盘]黑棋落子:12,10
[INFO][2018-11-26 21:39:21,725][接收通道]等待对方消息
[INFO][2018-11-26 21:39:22,733][棋盘]黑棋获胜！初始化棋盘页面
[INFO][2018-11-26 21:39:25,612][游戏]开始游戏
[INFO][2018-11-26 21:39:26,509][接收通道]等待对方消息
[INFO][2018-11-26 21:39:26,509][棋盘]白棋落子:9,9
[INFO][2018-11-26 21:39:26,509][棋盘]黑棋落子:8,8
[INFO][2018-11-26 21:39:26,509][接收通道]等待对方消息
[INFO][2018-11-26 21:39:27,454][接收通道]等待对方消息
[INFO][2018-11-26 21:39:27,454][棋盘]白棋落子:9,8
[INFO][2018-11-26 21:39:27,454][棋盘]黑棋落子:9,7
[INFO][2018-11-26 21:39:27,454][接收通道]等待对方消息
[INFO][2018-11-26 21:39:28,686][接收通道]等待对方消息
[INFO][2018-11-26 21:39:28,687][棋盘]白棋落子:10,6
[INFO][2018-11-26 21:39:28,687][棋盘]黑棋落子:9,10
[INFO][2018-11-26 21:39:28,687][接收通道]等待对方消息
[INFO][2018-11-26 21:39:36,013][接收通道]等待对方消息
[INFO][2018-11-26 21:39:36,013][棋盘]白棋落子:8,10
[INFO][2018-11-26 21:39:36,013][棋盘]黑棋落子:10,8
[INFO][2018-11-26 21:39:36,013][接收通道]等待对方消息
[INFO][2018-11-26 21:39:45,780][接收通道]等待对方消息
[INFO][2018-11-26 21:39:45,781][棋盘]白棋落子:8,6
[INFO][2018-11-26 21:39:45,781][棋盘]黑棋落子:9,6
[INFO][2018-11-26 21:39:45,781][接收通道]等待对方消息
[INFO][2018-11-26 21:39:51,829][接收通道]等待对方消息
[INFO][2018-11-26 21:39:51,829][棋盘]白棋落子:9,5
[INFO][2018-11-26 21:39:51,829][棋盘]黑棋落子:7,7
[INFO][2018-11-26 21:39:51,830][接收通道]等待对方消息
[INFO][2018-11-26 21:39:56,141][接收通道]等待对方消息
[INFO][2018-11-26 21:39:56,141][棋盘]白棋落子:8,7
[INFO][2018-11-26 21:39:56,141][棋盘]黑棋落子:7,6
[INFO][2018-11-26 21:39:56,141][接收通道]等待对方消息
[INFO][2018-11-26 21:40:05,541][接收通道]等待对方消息
[INFO][2018-11-26 21:40:05,541][棋盘]白棋落子:11,7
[INFO][2018-11-26 21:40:05,541][棋盘]黑棋落子:8,4
[INFO][2018-11-26 21:40:05,541][接收通道]等待对方消息
[INFO][2018-11-26 21:40:13,220][接收通道]等待对方消息
[INFO][2018-11-26 21:40:13,221][棋盘]白棋落子:7,5
[INFO][2018-11-26 21:40:13,221][棋盘]黑棋落子:12,8
[INFO][2018-11-26 21:40:13,222][接收通道]等待对方消息
[INFO][2018-11-26 21:40:21,173][接收通道]等待对方消息
[INFO][2018-11-26 21:40:21,173][棋盘]白棋落子:11,8
[INFO][2018-11-26 21:40:21,173][棋盘]黑棋落子:11,6
[INFO][2018-11-26 21:40:21,173][接收通道]等待对方消息
[INFO][2018-11-26 21:40:26,765][接收通道]等待对方消息
[INFO][2018-11-26 21:40:26,765][棋盘]白棋落子:8,5
[INFO][2018-11-26 21:40:26,765][棋盘]黑棋落子:10,5
[INFO][2018-11-26 21:40:26,765][接收通道]等待对方消息
[INFO][2018-11-26 21:40:38,205][接收通道]等待对方消息
[INFO][2018-11-26 21:40:38,205][棋盘]白棋落子:8,9
[INFO][2018-11-26 21:40:38,205][棋盘]黑棋落子:9,4
[INFO][2018-11-26 21:40:38,205][接收通道]等待对方消息
[INFO][2018-11-26 21:40:45,325][接收通道]等待对方消息
[INFO][2018-11-26 21:40:45,325][棋盘]白棋落子:8,3
[INFO][2018-11-26 21:40:45,325][棋盘]黑棋落子:12,7
[INFO][2018-11-26 21:40:45,325][接收通道]等待对方消息
[INFO][2018-11-26 21:40:46,341][接收通道]等待对方消息
[INFO][2018-11-26 21:40:46,341][棋盘]白棋落子:13,8
[INFO][2018-11-26 21:40:46,341][棋盘]黑棋落子:10,4
[INFO][2018-11-26 21:40:46,341][接收通道]等待对方消息
[INFO][2018-11-26 21:40:52,405][接收通道]等待对方消息
[INFO][2018-11-26 21:40:52,405][棋盘]白棋落子:11,4
[INFO][2018-11-26 21:40:52,405][棋盘]黑棋落子:7,4
[INFO][2018-11-26 21:40:52,406][接收通道]等待对方消息
[INFO][2018-11-26 21:40:53,662][接收通道]等待对方消息
[INFO][2018-11-26 21:40:53,662][棋盘]白棋落子:6,4
[INFO][2018-11-26 21:40:53,662][棋盘]黑棋落子:12,6
[INFO][2018-11-26 21:40:53,662][接收通道]等待对方消息
[INFO][2018-11-26 21:40:55,197][接收通道]等待对方消息
[INFO][2018-11-26 21:40:55,197][棋盘]白棋落子:12,5
[INFO][2018-11-26 21:40:55,198][棋盘]黑棋落子:12,9
[INFO][2018-11-26 21:40:55,198][接收通道]等待对方消息
[INFO][2018-11-26 21:40:56,717][接收通道]等待对方消息
[INFO][2018-11-26 21:40:56,717][棋盘]白棋落子:12,10
[INFO][2018-11-26 21:40:56,717][棋盘]黑棋落子:11,5
[INFO][2018-11-26 21:40:56,717][接收通道]等待对方消息
[INFO][2018-11-26 21:41:00,044][接收通道]等待对方消息
[INFO][2018-11-26 21:41:00,045][棋盘]白棋落子:13,7
[INFO][2018-11-26 21:41:00,045][棋盘]黑棋落子:9,3
[INFO][2018-11-26 21:41:00,045][接收通道]等待对方消息
[INFO][2018-11-26 21:41:01,341][接收通道]等待对方消息
[INFO][2018-11-26 21:41:01,341][棋盘]白棋落子:8,2
[INFO][2018-11-26 21:41:01,341][棋盘]黑棋落子:13,6
[INFO][2018-11-26 21:41:01,341][接收通道]等待对方消息
[INFO][2018-11-26 21:41:10,133][接收通道]等待对方消息
[INFO][2018-11-26 21:41:10,133][棋盘]白棋落子:14,6
[INFO][2018-11-26 21:41:10,133][棋盘]黑棋落子:6,5
[INFO][2018-11-26 21:41:10,133][接收通道]等待对方消息
[INFO][2018-11-26 21:41:37,813][接收通道]等待对方消息
[INFO][2018-11-26 21:41:37,813][棋盘]白棋落子:7,10
[INFO][2018-11-26 21:41:37,813][棋盘]黑棋落子:6,11
[INFO][2018-11-26 21:41:37,813][接收通道]等待对方消息
[INFO][2018-11-26 21:41:44,773][接收通道]等待对方消息
[INFO][2018-11-26 21:41:44,773][棋盘]白棋落子:7,9
[INFO][2018-11-26 21:41:44,773][棋盘]黑棋落子:10,9
[INFO][2018-11-26 21:41:44,773][接收通道]等待对方消息
[INFO][2018-11-26 21:41:55,318][接收通道]等待对方消息
[INFO][2018-11-26 21:41:55,318][棋盘]白棋落子:9,11
[INFO][2018-11-26 21:41:55,318][棋盘]黑棋落子:6,8
[INFO][2018-11-26 21:41:55,318][接收通道]等待对方消息
[INFO][2018-11-26 21:42:00,229][接收通道]等待对方消息
[INFO][2018-11-26 21:42:00,229][棋盘]白棋落子:6,9
[INFO][2018-11-26 21:42:00,230][棋盘]黑棋落子:5,9
[INFO][2018-11-26 21:42:00,230][接收通道]等待对方消息
[INFO][2018-11-26 21:42:08,332][接收通道]等待对方消息
[INFO][2018-11-26 21:42:08,333][棋盘]白棋落子:8,11
[INFO][2018-11-26 21:42:08,333][棋盘]黑棋落子:4,10
[INFO][2018-11-26 21:42:08,334][接收通道]等待对方消息
[INFO][2018-11-26 21:42:11,029][接收通道]等待对方消息
[INFO][2018-11-26 21:42:11,030][棋盘]白棋落子:3,11
[INFO][2018-11-26 21:42:11,030][棋盘]黑棋落子:9,12
[INFO][2018-11-26 21:42:11,030][接收通道]等待对方消息
[INFO][2018-11-26 21:42:15,485][接收通道]等待对方消息
[INFO][2018-11-26 21:42:15,486][棋盘]白棋落子:5,8
[INFO][2018-11-26 21:42:15,486][棋盘]黑棋落子:4,7
[INFO][2018-11-26 21:42:15,486][接收通道]等待对方消息
[INFO][2018-11-26 21:42:22,965][接收通道]等待对方消息
[INFO][2018-11-26 21:42:22,966][棋盘]白棋落子:10,11
[INFO][2018-11-26 21:42:22,966][棋盘]黑棋落子:5,6
[INFO][2018-11-26 21:42:22,966][接收通道]等待对方消息
[INFO][2018-11-26 21:42:25,445][接收通道]等待对方消息
[INFO][2018-11-26 21:42:25,446][棋盘]白棋落子:3,8
[INFO][2018-11-26 21:42:25,446][棋盘]黑棋落子:11,11
[INFO][2018-11-26 21:42:25,446][接收通道]等待对方消息
[INFO][2018-11-26 21:42:31,653][接收通道]等待对方消息
[INFO][2018-11-26 21:42:31,653][棋盘]白棋落子:10,12
[INFO][2018-11-26 21:42:31,653][棋盘]黑棋落子:11,13
[INFO][2018-11-26 21:42:31,653][接收通道]等待对方消息
[INFO][2018-11-26 21:42:36,269][接收通道]等待对方消息
[INFO][2018-11-26 21:42:36,269][棋盘]白棋落子:13,9
[INFO][2018-11-26 21:42:36,269][棋盘]黑棋落子:11,12
[INFO][2018-11-26 21:42:36,269][接收通道]等待对方消息
[INFO][2018-11-26 21:42:37,805][接收通道]等待对方消息
[INFO][2018-11-26 21:42:37,805][棋盘]白棋落子:11,10
[INFO][2018-11-26 21:42:37,805][棋盘]黑棋落子:11,14
[INFO][2018-11-26 21:42:37,805][接收通道]等待对方消息
[INFO][2018-11-26 21:42:39,589][接收通道]等待对方消息
[INFO][2018-11-26 21:42:39,590][棋盘]白棋落子:11,15
[INFO][2018-11-26 21:42:39,590][棋盘]黑棋落子:13,10
[INFO][2018-11-26 21:42:39,590][接收通道]等待对方消息
[INFO][2018-11-26 21:43:18,060][接收通道]等待对方消息
[INFO][2018-11-26 21:43:18,061][棋盘]白棋落子:7,12
[INFO][2018-11-26 21:43:18,061][棋盘]黑棋落子:7,11
[INFO][2018-11-26 21:43:18,061][接收通道]等待对方消息
[INFO][2018-11-26 21:43:24,366][游戏]玩家选择返回主菜单
[INFO][2018-11-26 21:43:38,916][菜单]用户选择人人对战页面
[INFO][2018-11-26 21:43:54,717][菜单]用户选择人人对战页面
[INFO][2018-11-26 21:44:15,464][游戏]对手IP：localhost
[INFO][2018-11-26 21:44:37,988][游戏]对手IP：localhost
[INFO][2018-11-26 21:44:41,866][棋盘]白棋落子:9,3
[INFO][2018-11-26 21:44:41,866][游戏]对手IP：localhost
[INFO][2018-11-26 21:44:44,656][游戏]对手IP：localhost
[INFO][2018-11-26 22:19:21,750][菜单]用户选择人人对战页面
[INFO][2018-11-26 22:23:23,356][菜单]用户选择人人对战页面
[INFO][2018-11-26 22:26:29,287][菜单]用户选择人人对战页面
[INFO][2018-11-26 22:26:52,840][游戏]对手IP：localhost
[INFO][2018-11-26 22:26:52,841][游戏]等待对方消息
[INFO][2018-11-26 22:26:54,945][棋盘]白棋落子:9,3
[INFO][2018-11-26 22:26:54,946][游戏]对手IP：localhost
[INFO][2018-11-26 22:26:57,855][游戏]对手IP：localhost
[INFO][2018-11-26 22:26:59,161][棋盘]白棋落子:10,4
[INFO][2018-11-26 22:26:59,162][游戏]对手IP：localhost
[INFO][2018-11-26 22:26:59,897][游戏]对手IP：localhost
[INFO][2018-11-26 22:27:00,665][棋盘]白棋落子:7,5
[INFO][2018-11-26 22:27:00,665][游戏]对手IP：localhost
[INFO][2018-11-26 22:27:01,249][游戏]对手IP：localhost
[INFO][2018-11-26 22:27:01,800][棋盘]白棋落子:8,7
[INFO][2018-11-26 22:27:01,800][游戏]对手IP：localhost
[INFO][2018-11-26 22:27:02,345][游戏]对手IP：localhost
[INFO][2018-11-26 23:06:30,440][菜单]用户选择人机对战页面
[INFO][2018-11-26 23:06:32,629][人机对战菜单]用户选择电脑水平为中级
[INFO][2018-11-26 23:06:47,287][游戏]开始游戏
[INFO][2018-11-26 23:06:48,151][接收通道]等待对方消息
[INFO][2018-11-26 23:06:48,151][棋盘]白棋落子:9,9
[INFO][2018-11-26 23:06:48,153][棋盘]黑棋落子:8,8
[INFO][2018-11-26 23:06:48,153][接收通道]等待对方消息
[INFO][2018-11-26 23:06:50,166][接收通道]等待对方消息
[INFO][2018-11-26 23:06:50,166][棋盘]白棋落子:10,8
[INFO][2018-11-26 23:06:50,166][棋盘]黑棋落子:8,10
[INFO][2018-11-26 23:06:50,167][接收通道]等待对方消息
[INFO][2018-11-26 23:06:53,654][接收通道]等待对方消息
[INFO][2018-11-26 23:06:53,654][棋盘]白棋落子:7,11
[INFO][2018-11-26 23:06:53,655][棋盘]黑棋落子:8,9
[INFO][2018-11-26 23:06:53,656][接收通道]等待对方消息
[INFO][2018-11-26 23:06:55,390][接收通道]等待对方消息
[INFO][2018-11-26 23:06:55,391][棋盘]白棋落子:8,7
[INFO][2018-11-26 23:06:55,391][棋盘]黑棋落子:8,11
[INFO][2018-11-26 23:06:55,391][接收通道]等待对方消息
[INFO][2018-11-26 23:06:59,175][接收通道]等待对方消息
[INFO][2018-11-26 23:06:59,175][棋盘]白棋落子:8,12
[INFO][2018-11-26 23:06:59,175][棋盘]黑棋落子:6,10
[INFO][2018-11-26 23:06:59,175][接收通道]等待对方消息
[INFO][2018-11-26 23:07:11,175][接收通道]等待对方消息
[INFO][2018-11-26 23:07:11,175][棋盘]白棋落子:9,11
[INFO][2018-11-26 23:07:11,175][棋盘]黑棋落子:7,9
[INFO][2018-11-26 23:07:11,175][接收通道]等待对方消息
[INFO][2018-11-26 23:07:12,895][接收通道]等待对方消息
[INFO][2018-11-26 23:07:12,895][棋盘]白棋落子:6,8
[INFO][2018-11-26 23:07:12,895][棋盘]黑棋落子:5,11
[INFO][2018-11-26 23:07:12,896][接收通道]等待对方消息
[INFO][2018-11-26 23:07:14,102][接收通道]等待对方消息
[INFO][2018-11-26 23:07:14,102][棋盘]白棋落子:4,12
[INFO][2018-11-26 23:07:14,103][棋盘]黑棋落子:9,7
[INFO][2018-11-26 23:07:14,103][接收通道]等待对方消息
[INFO][2018-11-26 23:07:15,329][棋盘]黑棋获胜！初始化棋盘页面
[INFO][2018-11-29 14:04:50,892][菜单]用户选择人人对战页面
[INFO][2018-11-29 14:05:01,235][菜单]用户选择人机对战页面
[INFO][2018-11-29 14:37:57,392][菜单]用户选择人机对战页面
[INFO][2018-11-29 14:37:58,401][人机对战菜单]用户选择电脑水平为初级
[INFO][2018-11-29 14:38:01,627][游戏]开始游戏
[INFO][2018-11-29 15:15:34,825][菜单]用户选择人机对战页面
[INFO][2018-11-29 15:15:35,984][人机对战菜单]用户选择电脑水平为初级
[INFO][2018-11-29 15:15:38,770][游戏]开始游戏
[INFO][2018-11-29 15:15:41,418][接收通道]等待对方消息
[INFO][2018-11-29 15:15:41,418][棋盘]白棋落子:9,3
[INFO][2018-11-29 15:15:41,420][棋盘]黑棋落子:7,13
[INFO][2018-11-29 15:15:41,420][接收通道]等待对方消息
[INFO][2018-11-29 15:15:44,274][接收通道]等待对方消息
[INFO][2018-11-29 15:15:44,274][棋盘]白棋落子:9,9
[INFO][2018-11-29 15:15:44,274][棋盘]黑棋落子:16,12
[INFO][2018-11-29 15:15:44,274][接收通道]等待对方消息
[INFO][2018-11-29 15:15:45,129][接收通道]等待对方消息
[INFO][2018-11-29 15:15:45,129][棋盘]白棋落子:10,9
[INFO][2018-11-29 15:15:45,129][棋盘]黑棋落子:18,5
[INFO][2018-11-29 15:15:45,129][接收通道]等待对方消息
[INFO][2018-11-29 15:15:46,153][接收通道]等待对方消息
[INFO][2018-11-29 15:15:46,153][棋盘]白棋落子:11,9
[INFO][2018-11-29 15:15:46,153][棋盘]黑棋落子:3,0
[INFO][2018-11-29 15:15:46,153][接收通道]等待对方消息
[INFO][2018-11-29 15:15:46,873][接收通道]等待对方消息
[INFO][2018-11-29 15:15:46,873][棋盘]白棋落子:10,10
[INFO][2018-11-29 15:15:46,873][棋盘]黑棋落子:5,1
[INFO][2018-11-29 15:15:46,874][接收通道]等待对方消息
[INFO][2018-11-29 15:15:47,594][接收通道]等待对方消息
[INFO][2018-11-29 15:15:47,594][棋盘]白棋落子:8,9
[INFO][2018-11-29 15:15:47,594][棋盘]黑棋落子:2,9
[INFO][2018-11-29 15:15:47,594][接收通道]等待对方消息
[INFO][2018-11-29 15:15:48,697][接收通道]等待对方消息
[INFO][2018-11-29 15:15:48,697][棋盘]白棋落子:12,9
[INFO][2018-11-29 15:15:49,707][棋盘]白棋获胜！初始化棋盘页面
[INFO][2018-11-29 15:15:52,225][游戏]开始游戏
[INFO][2018-11-29 15:15:53,057][接收通道]等待对方消息
[INFO][2018-11-29 15:15:53,057][棋盘]白棋落子:8,7
[INFO][2018-11-29 15:15:53,057][棋盘]黑棋落子:3,13
[INFO][2018-11-29 15:15:53,058][接收通道]等待对方消息
[INFO][2018-11-29 15:15:53,737][接收通道]等待对方消息
[INFO][2018-11-29 15:15:53,737][棋盘]白棋落子:9,7
[INFO][2018-11-29 15:15:53,737][棋盘]黑棋落子:18,10
[INFO][2018-11-29 15:15:53,737][接收通道]等待对方消息
[INFO][2018-11-29 15:15:54,362][接收通道]等待对方消息
[INFO][2018-11-29 15:15:54,362][棋盘]白棋落子:10,7
[INFO][2018-11-29 15:15:54,362][棋盘]黑棋落子:10,11
[INFO][2018-11-29 15:15:54,362][接收通道]等待对方消息
[INFO][2018-11-29 15:15:54,914][接收通道]等待对方消息
[INFO][2018-11-29 15:15:54,914][棋盘]白棋落子:11,7
[INFO][2018-11-29 15:15:54,914][棋盘]黑棋落子:13,2
[INFO][2018-11-29 15:15:54,914][接收通道]等待对方消息
[INFO][2018-11-29 15:15:55,521][接收通道]等待对方消息
[INFO][2018-11-29 15:15:55,522][棋盘]白棋落子:12,7
[INFO][2018-11-29 15:16:01,721][棋盘]白棋获胜！初始化棋盘页面
[INFO][2018-11-29 17:05:20,012][菜单]用户选择人机对战页面
[INFO][2018-11-29 17:05:21,506][人机对战菜单]用户选择电脑水平为初级
[INFO][2018-11-29 17:05:30,891][游戏]开始游戏
[INFO][2018-11-29 17:05:32,300][接收通道]等待对方消息
[INFO][2018-11-29 17:05:32,300][棋盘]白棋落子:9,9
[INFO][2018-11-29 17:05:32,301][棋盘]黑棋落子:8,7
[INFO][2018-11-29 17:05:32,301][接收通道]等待对方消息
[INFO][2018-11-29 17:05:34,099][接收通道]等待对方消息
[INFO][2018-11-29 17:05:34,099][棋盘]白棋落子:9,8
[INFO][2018-11-29 17:05:34,099][棋盘]黑棋落子:11,7
[INFO][2018-11-29 17:05:34,100][接收通道]等待对方消息
[INFO][2018-11-29 17:05:35,074][接收通道]等待对方消息
[INFO][2018-11-29 17:05:35,075][棋盘]白棋落子:10,9
[INFO][2018-11-29 17:05:35,075][棋盘]黑棋落子:11,9
[INFO][2018-11-29 17:05:35,075][接收通道]等待对方消息
[INFO][2018-11-29 17:05:36,371][接收通道]等待对方消息
[INFO][2018-11-29 17:05:36,371][棋盘]白棋落子:11,10
[INFO][2018-11-29 17:05:36,371][棋盘]黑棋落子:4,18
[INFO][2018-11-29 17:05:36,371][接收通道]等待对方消息
[INFO][2018-11-29 17:05:37,090][接收通道]等待对方消息
[INFO][2018-11-29 17:05:37,091][棋盘]白棋落子:11,11
[INFO][2018-11-29 17:05:37,091][棋盘]黑棋落子:12,5
[INFO][2018-11-29 17:05:37,091][接收通道]等待对方消息
[INFO][2018-11-29 17:05:37,683][接收通道]等待对方消息
[INFO][2018-11-29 17:05:37,683][棋盘]白棋落子:11,12
[INFO][2018-11-29 17:05:37,683][棋盘]黑棋落子:12,15
[INFO][2018-11-29 17:05:37,683][接收通道]等待对方消息
[INFO][2018-11-29 17:05:38,418][接收通道]等待对方消息
[INFO][2018-11-29 17:05:38,419][棋盘]白棋落子:9,12
[INFO][2018-11-29 17:05:38,419][棋盘]黑棋落子:18,5
[INFO][2018-11-29 17:05:38,419][接收通道]等待对方消息
[INFO][2018-11-29 17:05:39,002][接收通道]等待对方消息
[INFO][2018-11-29 17:05:39,003][棋盘]白棋落子:12,12
[INFO][2018-11-29 17:05:39,003][棋盘]黑棋落子:1,10
[INFO][2018-11-29 17:05:39,003][接收通道]等待对方消息
[INFO][2018-11-29 17:05:39,571][接收通道]等待对方消息
[INFO][2018-11-29 17:05:39,571][棋盘]白棋落子:8,12
[INFO][2018-11-29 17:05:39,571][棋盘]黑棋落子:8,9
[INFO][2018-11-29 17:05:39,571][接收通道]等待对方消息
[INFO][2018-11-29 17:05:40,626][接收通道]等待对方消息
[INFO][2018-11-29 17:05:40,626][棋盘]白棋落子:9,14
[INFO][2018-11-29 17:05:40,627][棋盘]黑棋落子:7,7
[INFO][2018-11-29 17:05:40,627][接收通道]等待对方消息
[INFO][2018-11-29 17:05:41,243][接收通道]等待对方消息
[INFO][2018-11-29 17:05:41,244][棋盘]白棋落子:10,13
[INFO][2018-11-29 17:05:41,244][棋盘]黑棋落子:12,3
[INFO][2018-11-29 17:05:41,244][接收通道]等待对方消息
[INFO][2018-11-29 17:05:41,770][接收通道]等待对方消息
[INFO][2018-11-29 17:05:41,771][棋盘]白棋落子:12,13
[INFO][2018-11-29 17:05:41,771][棋盘]黑棋落子:13,11
[INFO][2018-11-29 17:05:41,771][接收通道]等待对方消息
[INFO][2018-11-29 17:05:58,594][接收通道]等待对方消息
[INFO][2018-11-29 17:05:58,594][棋盘]白棋落子:14,12
[INFO][2018-11-29 17:05:58,595][棋盘]黑棋落子:18,12
[INFO][2018-11-29 17:05:58,595][接收通道]等待对方消息
[INFO][2018-11-29 17:05:59,339][接收通道]等待对方消息
[INFO][2018-11-29 17:05:59,339][棋盘]白棋落子:14,13
[INFO][2018-11-29 17:05:59,340][棋盘]黑棋落子:9,10
[INFO][2018-11-29 17:05:59,340][接收通道]等待对方消息
[INFO][2018-11-29 17:06:01,131][接收通道]等待对方消息
[INFO][2018-11-29 17:06:01,131][棋盘]白棋落子:13,12
[INFO][2018-11-29 17:06:01,131][棋盘]黑棋落子:10,7
[INFO][2018-11-29 17:06:01,131][接收通道]等待对方消息
[INFO][2018-11-29 17:06:01,971][接收通道]等待对方消息
[INFO][2018-11-29 17:06:01,971][棋盘]白棋落子:15,13
[INFO][2018-11-29 17:06:01,971][棋盘]黑棋落子:2,3
[INFO][2018-11-29 17:06:01,971][接收通道]等待对方消息
[INFO][2018-11-29 17:29:39,645][菜单]用户选择人人对战页面
[INFO][2018-11-29 17:30:20,561][游戏]对手IP：localhost
[INFO][2018-11-29 17:30:20,561][游戏]等待对方消息
[INFO][2018-11-29 17:30:24,262][棋盘]白棋落子:9,3
[INFO][2018-11-29 17:30:24,262][游戏]对手IP：localhost
[INFO][2018-11-29 17:30:46,039][菜单]用户选择人人对战页面
[INFO][2018-11-29 17:30:56,179][菜单]用户选择人人对战页面
[INFO][2018-11-29 17:31:38,241][游戏]对手IP：localhost
[INFO][2018-11-29 17:31:38,242][游戏]等待对方消息
[INFO][2018-11-29 17:31:42,779][游戏]对手IP：localhost
[INFO][2018-11-29 17:31:46,674][棋盘]白棋落子:9,3
[INFO][2018-11-29 17:31:46,675][游戏]对手IP：localhost
[INFO][2018-11-29 21:40:51,424][游戏]开始游戏
[INFO][2018-11-29 21:40:53,174][接收通道]等待对方消息
[INFO][2018-11-29 21:40:53,175][棋盘]白棋落子:9,6
[INFO][2018-11-29 21:40:53,177][棋盘]黑棋落子:8,5
[INFO][2018-11-29 21:40:53,177][接收通道]等待对方消息
[INFO][2018-11-29 21:40:54,774][接收通道]等待对方消息
[INFO][2018-11-29 21:40:54,774][棋盘]白棋落子:9,8
[INFO][2018-11-29 21:40:54,774][棋盘]黑棋落子:9,7
[INFO][2018-11-29 21:40:54,774][接收通道]等待对方消息
[INFO][2018-11-29 21:41:13,550][菜单]用户选择人机对战页面
[INFO][2018-11-29 21:41:14,997][人机对战菜单]用户选择电脑水平为中级
[INFO][2018-11-29 21:41:18,111][游戏]开始游戏
[INFO][2018-11-29 21:41:18,854][接收通道]等待对方消息
[INFO][2018-11-29 21:41:18,854][棋盘]白棋落子:8,9
[INFO][2018-11-29 21:41:18,856][棋盘]黑棋落子:7,8
[INFO][2018-11-29 21:41:18,856][接收通道]等待对方消息
[INFO][2018-11-29 21:41:19,591][接收通道]等待对方消息
[INFO][2018-11-29 21:41:19,591][棋盘]白棋落子:9,9
[INFO][2018-11-29 21:41:19,595][棋盘]黑棋落子:7,9
[INFO][2018-11-29 21:41:19,595][接收通道]等待对方消息
[INFO][2018-11-29 21:41:20,711][接收通道]等待对方消息
[INFO][2018-11-29 21:41:20,712][棋盘]白棋落子:10,10
[INFO][2018-11-29 21:41:20,712][棋盘]黑棋落子:8,8
[INFO][2018-11-29 21:41:20,712][接收通道]等待对方消息
[INFO][2018-11-29 21:42:07,824][游戏]开始游戏
[INFO][2018-11-29 21:42:09,695][接收通道]等待对方消息
[INFO][2018-11-29 21:42:09,695][棋盘]白棋落子:9,9
[INFO][2018-11-29 21:42:09,696][棋盘]黑棋落子:8,8
[INFO][2018-11-29 21:42:09,697][接收通道]等待对方消息
[INFO][2018-11-29 21:42:10,807][接收通道]等待对方消息
[INFO][2018-11-29 21:42:10,807][棋盘]白棋落子:10,10
[INFO][2018-11-29 21:42:10,807][棋盘]黑棋落子:11,11
[INFO][2018-11-29 21:42:10,808][接收通道]等待对方消息
[INFO][2018-11-29 21:42:12,702][接收通道]等待对方消息
[INFO][2018-11-29 21:42:12,703][棋盘]白棋落子:9,10
[INFO][2018-11-29 21:42:12,704][棋盘]黑棋落子:8,10
[INFO][2018-11-29 21:42:12,704][接收通道]等待对方消息
[INFO][2018-11-29 21:42:13,990][接收通道]等待对方消息
[INFO][2018-11-29 21:42:13,990][棋盘]白棋落子:7,11
[INFO][2018-11-29 21:42:13,991][棋盘]黑棋落子:8,9
[INFO][2018-11-29 21:42:13,991][接收通道]等待对方消息
[INFO][2018-11-29 21:42:16,661][接收通道]等待对方消息
[INFO][2018-11-29 21:42:16,662][棋盘]白棋落子:8,11
[INFO][2018-11-29 21:42:16,662][棋盘]黑棋落子:8,7
[INFO][2018-11-29 21:42:16,662][接收通道]等待对方消息
[INFO][2018-11-29 21:42:17,862][接收通道]等待对方消息
[INFO][2018-11-29 21:42:17,862][棋盘]白棋落子:8,6
[INFO][2018-11-29 21:42:17,862][棋盘]黑棋落子:9,11
[INFO][2018-11-29 21:42:17,862][接收通道]等待对方消息
[INFO][2018-11-29 21:42:20,702][接收通道]等待对方消息
[INFO][2018-11-29 21:42:20,702][棋盘]白棋落子:10,9
[INFO][2018-11-29 21:42:20,703][棋盘]黑棋落子:7,12
[INFO][2018-11-29 21:42:20,703][接收通道]等待对方消息
[INFO][2018-11-29 21:42:24,134][接收通道]等待对方消息
[INFO][2018-11-29 21:42:24,134][棋盘]白棋落子:8,12
[INFO][2018-11-29 21:42:24,134][棋盘]黑棋落子:7,9
[INFO][2018-11-29 21:42:24,134][接收通道]等待对方消息
[INFO][2018-11-29 21:42:30,102][接收通道]等待对方消息
[INFO][2018-11-29 21:42:30,102][棋盘]白棋落子:10,12
[INFO][2018-11-29 21:42:30,102][棋盘]黑棋落子:6,8
[INFO][2018-11-29 21:42:30,102][接收通道]等待对方消息
[INFO][2018-11-29 21:42:31,758][接收通道]等待对方消息
[INFO][2018-11-29 21:42:31,758][棋盘]白棋落子:5,7
[INFO][2018-11-29 21:42:31,759][棋盘]黑棋落子:10,11
[INFO][2018-11-29 21:42:31,759][接收通道]等待对方消息
[INFO][2018-11-29 21:42:33,958][接收通道]等待对方消息
[INFO][2018-11-29 21:42:33,958][棋盘]白棋落子:12,11
[INFO][2018-11-29 21:42:33,959][棋盘]黑棋落子:7,8
[INFO][2018-11-29 21:42:33,959][接收通道]等待对方消息
[INFO][2018-11-29 21:42:36,630][接收通道]等待对方消息
[INFO][2018-11-29 21:42:36,630][棋盘]白棋落子:9,8
[INFO][2018-11-29 21:42:36,630][棋盘]黑棋落子:5,8
[INFO][2018-11-29 21:42:36,630][接收通道]等待对方消息
[INFO][2018-11-29 21:42:37,743][接收通道]等待对方消息
[INFO][2018-11-29 21:42:37,743][棋盘]白棋落子:4,8
[INFO][2018-11-29 21:42:37,743][棋盘]黑棋落子:6,9
[INFO][2018-11-29 21:42:37,743][接收通道]等待对方消息
[INFO][2018-11-29 21:42:45,575][接收通道]等待对方消息
[INFO][2018-11-29 21:42:45,575][棋盘]白棋落子:7,10
[INFO][2018-11-29 21:42:45,575][棋盘]黑棋落子:5,9
[INFO][2018-11-29 21:42:45,575][接收通道]等待对方消息
[INFO][2018-11-29 21:42:47,038][接收通道]等待对方消息
[INFO][2018-11-29 21:42:47,038][棋盘]白棋落子:4,9
[INFO][2018-11-29 21:42:47,038][棋盘]黑棋落子:5,10
[INFO][2018-11-29 21:42:47,038][接收通道]等待对方消息
[INFO][2018-11-29 21:42:50,886][接收通道]等待对方消息
[INFO][2018-11-29 21:42:50,886][棋盘]白棋落子:4,10
[INFO][2018-11-29 21:42:50,887][棋盘]黑棋落子:4,11
[INFO][2018-11-29 21:42:50,887][接收通道]等待对方消息
[INFO][2018-11-29 21:42:57,607][棋盘]黑棋获胜！初始化棋盘页面
[INFO][2018-11-29 21:56:08,106][游戏]开始游戏
[INFO][2018-11-29 21:56:08,752][接收通道]等待对方消息
[INFO][2018-11-29 21:56:08,752][棋盘]白棋落子:9,9
[INFO][2018-11-29 21:56:08,753][棋盘]黑棋落子:1,15
[INFO][2018-11-29 21:56:08,753][接收通道]等待对方消息
[INFO][2018-11-29 21:56:10,743][接收通道]等待对方消息
[INFO][2018-11-29 21:56:10,744][棋盘]白棋落子:8,7
[INFO][2018-11-29 21:56:10,744][棋盘]黑棋落子:7,12
[INFO][2018-11-29 21:56:10,744][接收通道]等待对方消息
[INFO][2018-11-29 21:56:12,591][接收通道]等待对方消息
[INFO][2018-11-29 21:56:12,592][棋盘]白棋落子:9,10
[INFO][2018-11-29 21:56:12,592][棋盘]黑棋落子:7,2
[INFO][2018-11-29 21:56:12,592][接收通道]等待对方消息
[INFO][2018-11-29 21:56:21,312][接收通道]等待对方消息
[INFO][2018-11-29 21:56:21,312][棋盘]白棋落子:10,11
[INFO][2018-11-29 21:56:21,312][棋盘]黑棋落子:1,12
[INFO][2018-11-29 21:56:21,312][接收通道]等待对方消息
[INFO][2018-11-29 21:56:25,127][接收通道]等待对方消息
[INFO][2018-11-29 21:56:25,128][棋盘]白棋落子:8,11
[INFO][2018-11-29 21:56:25,128][棋盘]黑棋落子:3,3
[INFO][2018-11-29 21:56:25,128][接收通道]等待对方消息
[INFO][2018-11-29 21:56:28,919][接收通道]等待对方消息
[INFO][2018-11-29 21:56:28,919][棋盘]白棋落子:11,8
[INFO][2018-11-29 21:56:28,920][棋盘]黑棋落子:5,10
[INFO][2018-11-29 21:56:28,920][接收通道]等待对方消息
[INFO][2018-11-29 21:56:31,687][接收通道]等待对方消息
[INFO][2018-11-29 21:56:31,688][棋盘]白棋落子:13,13
[INFO][2018-11-29 21:56:31,688][棋盘]黑棋落子:2,1
[INFO][2018-11-29 21:56:31,688][接收通道]等待对方消息
[INFO][2018-11-29 21:56:33,759][接收通道]等待对方消息
[INFO][2018-11-29 21:56:33,759][棋盘]白棋落子:10,14
[INFO][2018-11-29 21:56:33,760][棋盘]黑棋落子:6,15
[INFO][2018-11-29 21:56:33,760][接收通道]等待对方消息
[INFO][2018-11-29 22:04:41,170][游戏]开始游戏
[INFO][2018-11-29 22:04:42,249][接收通道]等待对方消息
[INFO][2018-11-29 22:04:42,249][棋盘]白棋落子:9,9
[INFO][2018-11-29 22:04:42,250][棋盘]黑棋落子:6,6
[INFO][2018-11-29 22:04:42,250][接收通道]等待对方消息
[INFO][2018-11-29 22:04:43,313][接收通道]等待对方消息
[INFO][2018-11-29 22:04:43,313][棋盘]白棋落子:10,10
[INFO][2018-11-29 22:04:43,313][棋盘]黑棋落子:3,0
[INFO][2018-11-29 22:04:43,313][接收通道]等待对方消息
[INFO][2018-11-29 22:04:44,936][接收通道]等待对方消息
[INFO][2018-11-29 22:04:44,937][棋盘]白棋落子:11,11
[INFO][2018-11-29 22:04:44,937][棋盘]黑棋落子:2,10
[INFO][2018-11-29 22:04:44,937][接收通道]等待对方消息
[INFO][2018-11-29 22:04:47,838][游戏]玩家选择返回主菜单
[INFO][2018-11-29 22:04:50,871][菜单]用户选择人机对战页面
[INFO][2018-11-29 22:05:00,199][人机对战菜单]用户选择电脑水平为中级
[INFO][2018-11-29 22:11:39,760][菜单]用户选择人人对战页面
[INFO][2018-11-29 22:11:47,528][菜单]用户选择人机对战页面
[INFO][2018-11-29 22:11:54,864][人机对战菜单]用户选择电脑水平为高级
[INFO][2018-11-29 22:11:57,137][游戏]开始游戏
[INFO][2018-11-29 22:11:58,082][接收通道]等待对方消息
[INFO][2018-11-29 22:11:58,082][棋盘]白棋落子:9,9
[INFO][2018-11-29 22:11:58,083][棋盘]黑棋落子:8,8
[INFO][2018-11-29 22:11:58,084][接收通道]等待对方消息
[INFO][2018-11-29 22:11:59,577][游戏]玩家选择悔棋
[INFO][2018-11-29 22:12:00,937][接收通道]等待对方消息
[INFO][2018-11-29 22:12:00,937][棋盘]白棋落子:9,9
[INFO][2018-11-29 22:12:00,937][棋盘]黑棋落子:8,8
[INFO][2018-11-29 22:12:00,938][接收通道]等待对方消息
[INFO][2018-11-29 22:12:01,881][游戏]玩家选择悔棋
[INFO][2018-11-29 22:12:03,120][接收通道]等待对方消息
[INFO][2018-11-29 22:12:03,121][棋盘]白棋落子:9,8
[INFO][2018-11-29 22:12:03,121][棋盘]黑棋落子:8,7
[INFO][2018-11-29 22:12:03,121][接收通道]等待对方消息
[INFO][2018-11-29 22:12:03,529][接收通道]等待对方消息
[INFO][2018-11-29 22:12:03,529][棋盘]白棋落子:9,10
[INFO][2018-11-29 22:12:03,530][棋盘]黑棋落子:9,9
[INFO][2018-11-29 22:12:03,530][接收通道]等待对方消息
[INFO][2018-11-29 22:12:03,905][接收通道]等待对方消息
[INFO][2018-11-29 22:12:03,905][棋盘]白棋落子:10,9
[INFO][2018-11-29 22:12:03,905][棋盘]黑棋落子:8,11
[INFO][2018-11-29 22:12:03,905][接收通道]等待对方消息
[INFO][2018-11-29 22:12:04,833][游戏]玩家选择悔棋
[INFO][2018-11-29 22:12:06,553][接收通道]等待对方消息
[INFO][2018-11-29 22:12:06,553][棋盘]白棋落子:8,11
[INFO][2018-11-29 22:12:06,553][棋盘]黑棋落子:10,9
[INFO][2018-11-29 22:12:06,554][接收通道]等待对方消息
[INFO][2018-11-29 22:12:09,305][游戏]玩家选择悔棋
[INFO][2018-11-29 22:13:47,051][游戏]开始游戏
[INFO][2018-11-29 22:13:47,467][接收通道]等待对方消息
[INFO][2018-11-29 22:13:47,467][棋盘]白棋落子:10,9
[INFO][2018-11-29 22:13:47,469][棋盘]黑棋落子:15,12
[INFO][2018-11-29 22:13:47,469][接收通道]等待对方消息
[INFO][2018-11-29 22:13:47,738][接收通道]等待对方消息
[INFO][2018-11-29 22:13:47,738][棋盘]白棋落子:9,9
[INFO][2018-11-29 22:13:47,738][棋盘]黑棋落子:7,18
[INFO][2018-11-29 22:13:47,738][接收通道]等待对方消息
[INFO][2018-11-29 22:13:48,555][接收通道]等待对方消息
[INFO][2018-11-29 22:13:48,556][棋盘]白棋落子:9,10
[INFO][2018-11-29 22:13:48,556][棋盘]黑棋落子:11,8
[INFO][2018-11-29 22:13:48,556][接收通道]等待对方消息
[INFO][2018-11-29 22:13:49,171][接收通道]等待对方消息
[INFO][2018-11-29 22:13:49,172][棋盘]白棋落子:13,7
[INFO][2018-11-29 22:13:49,172][棋盘]黑棋落子:14,7
[INFO][2018-11-29 22:13:49,172][接收通道]等待对方消息
[INFO][2018-11-29 22:13:49,731][接收通道]等待对方消息
[INFO][2018-11-29 22:13:49,731][棋盘]白棋落子:11,10
[INFO][2018-11-29 22:13:49,731][棋盘]黑棋落子:16,16
[INFO][2018-11-29 22:13:49,731][接收通道]等待对方消息
[INFO][2018-11-29 22:13:50,290][接收通道]等待对方消息
[INFO][2018-11-29 22:13:50,290][棋盘]白棋落子:5,6
[INFO][2018-11-29 22:13:50,290][棋盘]黑棋落子:16,9
[INFO][2018-11-29 22:13:50,291][接收通道]等待对方消息
[INFO][2018-11-29 22:13:50,779][接收通道]等待对方消息
[INFO][2018-11-29 22:13:50,780][棋盘]白棋落子:3,11
[INFO][2018-11-29 22:13:50,780][棋盘]黑棋落子:14,0
[INFO][2018-11-29 22:13:50,780][接收通道]等待对方消息
[INFO][2018-11-29 22:13:51,889][接收通道]等待对方消息
[INFO][2018-11-29 22:13:51,890][棋盘]白棋落子:6,11
[INFO][2018-11-29 22:13:51,890][棋盘]黑棋落子:16,1
[INFO][2018-11-29 22:13:51,890][接收通道]等待对方消息
[INFO][2018-11-29 22:13:53,625][接收通道]等待对方消息
[INFO][2018-11-29 22:13:53,625][棋盘]白棋落子:6,8
[INFO][2018-11-29 22:13:53,625][棋盘]黑棋落子:7,13
[INFO][2018-11-29 22:13:53,625][接收通道]等待对方消息
[INFO][2018-11-29 22:13:58,426][游戏]玩家选择悔棋
[INFO][2018-11-29 22:13:59,633][游戏]玩家选择悔棋
[INFO][2018-11-29 22:14:02,049][游戏]玩家选择悔棋
[INFO][2018-11-29 22:14:06,838][游戏]玩家选择返回主菜单
[INFO][2018-11-29 22:15:00,779][游戏]开始游戏
[INFO][2018-11-29 22:15:01,547][接收通道]等待对方消息
[INFO][2018-11-29 22:15:01,547][棋盘]白棋落子:9,9
[INFO][2018-11-29 22:15:01,549][棋盘]黑棋落子:7,18
[INFO][2018-11-29 22:15:01,549][接收通道]等待对方消息
[INFO][2018-11-29 22:15:02,843][接收通道]等待对方消息
[INFO][2018-11-29 22:15:02,843][棋盘]白棋落子:10,8
[INFO][2018-11-29 22:15:02,843][棋盘]黑棋落子:16,1
[INFO][2018-11-29 22:15:02,844][接收通道]等待对方消息
[INFO][2018-11-29 22:15:03,674][接收通道]等待对方消息
[INFO][2018-11-29 22:15:03,675][棋盘]白棋落子:11,7
[INFO][2018-11-29 22:15:03,677][棋盘]黑棋落子:6,8
[INFO][2018-11-29 22:15:03,677][接收通道]等待对方消息
[INFO][2018-11-29 22:15:04,665][接收通道]等待对方消息
[INFO][2018-11-29 22:15:04,665][棋盘]白棋落子:12,6
[INFO][2018-11-29 22:15:04,666][棋盘]黑棋落子:13,18
[INFO][2018-11-29 22:15:04,666][接收通道]等待对方消息
[INFO][2018-11-29 22:15:05,785][接收通道]等待对方消息
[INFO][2018-11-29 22:15:05,785][棋盘]白棋落子:8,10
[INFO][2018-11-29 22:15:10,801][棋盘]白棋获胜！初始化棋盘页面
[INFO][2018-11-29 22:15:17,969][游戏]开始游戏
[INFO][2018-11-29 22:15:19,049][接收通道]等待对方消息
[INFO][2018-11-29 22:15:19,049][棋盘]白棋落子:8,10
[INFO][2018-11-29 22:15:19,049][棋盘]黑棋落子:6,13
[INFO][2018-11-29 22:15:19,049][接收通道]等待对方消息
[INFO][2018-11-29 22:15:19,665][接收通道]等待对方消息
[INFO][2018-11-29 22:15:19,665][棋盘]白棋落子:9,8
[INFO][2018-11-29 22:15:19,665][棋盘]黑棋落子:5,12
[INFO][2018-11-29 22:15:19,665][接收通道]等待对方消息
[INFO][2018-11-29 22:15:20,249][接收通道]等待对方消息
[INFO][2018-11-29 22:15:20,249][棋盘]白棋落子:11,11
[INFO][2018-11-29 22:15:20,249][棋盘]黑棋落子:9,12
[INFO][2018-11-29 22:15:20,250][接收通道]等待对方消息
[INFO][2018-11-29 22:15:20,809][接收通道]等待对方消息
[INFO][2018-11-29 22:15:20,809][棋盘]白棋落子:12,7
[INFO][2018-11-29 22:15:20,810][棋盘]黑棋落子:9,2
[INFO][2018-11-29 22:15:20,810][接收通道]等待对方消息
[INFO][2018-11-29 22:15:22,953][接收通道]等待对方消息
[INFO][2018-11-29 22:15:22,953][棋盘]白棋落子:14,9
[INFO][2018-11-29 22:15:22,953][棋盘]黑棋落子:8,12
[INFO][2018-11-29 22:15:22,953][接收通道]等待对方消息
[INFO][2018-11-29 22:15:27,201][接收通道]等待对方消息
[INFO][2018-11-29 22:15:27,202][棋盘]白棋落子:14,7
[INFO][2018-11-29 22:15:27,202][棋盘]黑棋落子:11,15
[INFO][2018-11-29 22:15:27,202][接收通道]等待对方消息
[INFO][2018-11-29 22:15:28,057][接收通道]等待对方消息
[INFO][2018-11-29 22:15:28,058][棋盘]白棋落子:14,12
[INFO][2018-11-29 22:15:28,058][棋盘]黑棋落子:16,1
[INFO][2018-11-29 22:15:28,058][接收通道]等待对方消息
[INFO][2018-11-29 22:15:29,562][接收通道]等待对方消息
[INFO][2018-11-29 22:15:29,562][棋盘]白棋落子:6,8
[INFO][2018-11-29 22:15:29,562][棋盘]黑棋落子:2,7
[INFO][2018-11-29 22:15:29,562][接收通道]等待对方消息
